<?xml version="1.0" encoding="UTF-8"?>
<!-- Generated by org.testng.reporters.JUnitReportReporter -->
<testsuite hostname="DESKTOP-ADH2IBF" failures="0" tests="1" name="com.bookmyshow.Pages.Sports" time="73.676" errors="0" timestamp="2023-04-10T13:09:52 IST" skipped="0">
  <testcase classname="com.bookmyshow.Pages.Sports" name="sports" time="73.676"/>
  <system-out/>
</testsuite> <!-- com.bookmyshow.Pages.Sports -->
