<?xml version="1.0" encoding="UTF-8"?>
<!-- Generated by org.testng.reporters.JUnitReportReporter -->
<testsuite hostname="DESKTOP-ADH2IBF" failures="0" tests="1" name="com.bookmyshow.Pages.MoviesList" time="46.856" errors="0" timestamp="2023-04-10T13:09:52 IST" skipped="0">
  <testcase classname="com.bookmyshow.Pages.MoviesList" name="moviesList" time="46.856"/>
  <system-out/>
</testsuite> <!-- com.bookmyshow.Pages.MoviesList -->
