<?xml version="1.0" encoding="UTF-8"?>
<!-- Generated by org.testng.reporters.JUnitReportReporter -->
<testsuite hostname="Lenovo" failures="0" tests="1" name="com.bookmyshow.test.MoviesList" time="159.380" errors="0" timestamp="2023-01-05T13:36:40 IST" skipped="0">
  <testcase classname="com.bookmyshow.test.MoviesList" name="moviesList" time="159.380"/>
  <system-out/>
</testsuite> <!-- com.bookmyshow.test.MoviesList -->
